<?xml version="1.0" encoding="UTF-8"?>
<testng-results ignored="0" total="5" passed="5" failed="0" skipped="0">
  <reporter-output>
  </reporter-output>
  <suite started-at="2022-05-20T16:39:49 EET" name="Sauce Demo Tests" finished-at="2022-05-20T16:39:59 EET" duration-ms="9799">
    <groups>
    </groups>
    <test started-at="2022-05-20T16:39:49 EET" name="Sauce Demo Tests" finished-at="2022-05-20T16:39:59 EET" duration-ms="9799">
      <class name="tests.ui.login.LoginTests">
        <test-method is-config="true" signature="setup()[pri:0, instance:tests.ui.login.LoginTests@3e2e18f2]" started-at="2022-05-20T16:39:49 EET" name="setup" finished-at="2022-05-20T16:39:51 EET" duration-ms="1818" status="PASS">
          <reporter-output>
          </reporter-output>
        </test-method> <!-- setup -->
        <test-method is-config="true" signature="setupLoginTests()[pri:0, instance:tests.ui.login.LoginTests@3e2e18f2]" started-at="2022-05-20T16:39:51 EET" name="setupLoginTests" finished-at="2022-05-20T16:39:52 EET" duration-ms="971" status="PASS">
          <reporter-output>
          </reporter-output>
        </test-method> <!-- setupLoginTests -->
        <test-method signature="testLoginAsStandardUserWithValidCredentials()[pri:0, instance:tests.ui.login.LoginTests@3e2e18f2]" started-at="2022-05-20T16:39:52 EET" name="testLoginAsStandardUserWithValidCredentials" description="Test Valid Login With Std Credentials" finished-at="2022-05-20T16:39:53 EET" duration-ms="580" status="PASS">
          <reporter-output>
          </reporter-output>
        </test-method> <!-- testLoginAsStandardUserWithValidCredentials -->
        <test-method is-config="true" signature="teardown()[pri:0, instance:tests.ui.login.LoginTests@3e2e18f2]" started-at="2022-05-20T16:39:53 EET" name="teardown" finished-at="2022-05-20T16:39:53 EET" duration-ms="140" status="PASS">
          <reporter-output>
          </reporter-output>
        </test-method> <!-- teardown -->
      </class> <!-- tests.ui.login.LoginTests -->
      <class name="tests.ui.checkout.CheckoutTests">
        <test-method is-config="true" signature="setup()[pri:0, instance:tests.ui.checkout.CheckoutTests@353d0772]" started-at="2022-05-20T16:39:56 EET" name="setup" finished-at="2022-05-20T16:39:57 EET" duration-ms="988" status="PASS">
          <reporter-output>
          </reporter-output>
        </test-method> <!-- setup -->
        <test-method is-config="true" signature="setupCheckoutTests()[pri:0, instance:tests.ui.checkout.CheckoutTests@353d0772]" started-at="2022-05-20T16:39:57 EET" name="setupCheckoutTests" finished-at="2022-05-20T16:39:58 EET" duration-ms="1330" status="PASS">
          <reporter-output>
          </reporter-output>
        </test-method> <!-- setupCheckoutTests -->
        <test-method signature="testCheckoutToCompleteTheOrder()[pri:0, instance:tests.ui.checkout.CheckoutTests@353d0772]" started-at="2022-05-20T16:39:58 EET" name="testCheckoutToCompleteTheOrder" finished-at="2022-05-20T16:39:59 EET" duration-ms="619" status="PASS">
          <reporter-output>
          </reporter-output>
        </test-method> <!-- testCheckoutToCompleteTheOrder -->
        <test-method is-config="true" signature="teardown()[pri:0, instance:tests.ui.checkout.CheckoutTests@353d0772]" started-at="2022-05-20T16:39:59 EET" name="teardown" finished-at="2022-05-20T16:39:59 EET" duration-ms="132" status="PASS">
          <reporter-output>
          </reporter-output>
        </test-method> <!-- teardown -->
      </class> <!-- tests.ui.checkout.CheckoutTests -->
      <class name="tests.ui.cart.CartTests">
        <test-method is-config="true" signature="setup()[pri:0, instance:tests.ui.cart.CartTests@10e41621]" started-at="2022-05-20T16:39:53 EET" name="setup" finished-at="2022-05-20T16:39:54 EET" duration-ms="997" status="PASS">
          <reporter-output>
          </reporter-output>
        </test-method> <!-- setup -->
        <test-method is-config="true" signature="setupCartTests()[pri:0, instance:tests.ui.cart.CartTests@10e41621]" started-at="2022-05-20T16:39:54 EET" name="setupCartTests" finished-at="2022-05-20T16:39:54 EET" duration-ms="785" status="PASS">
          <reporter-output>
          </reporter-output>
        </test-method> <!-- setupCartTests -->
        <test-method signature="checkTheDataOfTheBackpack()[pri:1, instance:tests.ui.cart.CartTests@10e41621]" started-at="2022-05-20T16:39:54 EET" name="checkTheDataOfTheBackpack" finished-at="2022-05-20T16:39:55 EET" duration-ms="86" status="PASS">
          <reporter-output>
          </reporter-output>
        </test-method> <!-- checkTheDataOfTheBackpack -->
        <test-method is-config="true" signature="setupCartTests()[pri:0, instance:tests.ui.cart.CartTests@10e41621]" started-at="2022-05-20T16:39:55 EET" name="setupCartTests" finished-at="2022-05-20T16:39:55 EET" duration-ms="279" status="PASS">
          <reporter-output>
          </reporter-output>
        </test-method> <!-- setupCartTests -->
        <test-method signature="clickAddItemsToCartThenCheckExistenceOfRemoveButton()[pri:2, instance:tests.ui.cart.CartTests@10e41621]" started-at="2022-05-20T16:39:55 EET" name="clickAddItemsToCartThenCheckExistenceOfRemoveButton" finished-at="2022-05-20T16:39:55 EET" duration-ms="271" status="PASS">
          <reporter-output>
          </reporter-output>
        </test-method> <!-- clickAddItemsToCartThenCheckExistenceOfRemoveButton -->
        <test-method is-config="true" signature="setupCartTests()[pri:0, instance:tests.ui.cart.CartTests@10e41621]" started-at="2022-05-20T16:39:55 EET" name="setupCartTests" finished-at="2022-05-20T16:39:55 EET" duration-ms="309" status="PASS">
          <reporter-output>
          </reporter-output>
        </test-method> <!-- setupCartTests -->
        <test-method signature="checkThatTheItemsAddedWillReflectOnTheShoppingCart()[pri:3, instance:tests.ui.cart.CartTests@10e41621]" started-at="2022-05-20T16:39:55 EET" name="checkThatTheItemsAddedWillReflectOnTheShoppingCart" finished-at="2022-05-20T16:39:56 EET" duration-ms="283" status="PASS">
          <reporter-output>
          </reporter-output>
        </test-method> <!-- checkThatTheItemsAddedWillReflectOnTheShoppingCart -->
        <test-method is-config="true" signature="teardown()[pri:0, instance:tests.ui.cart.CartTests@10e41621]" started-at="2022-05-20T16:39:56 EET" name="teardown" finished-at="2022-05-20T16:39:56 EET" duration-ms="179" status="PASS">
          <reporter-output>
          </reporter-output>
        </test-method> <!-- teardown -->
      </class> <!-- tests.ui.cart.CartTests -->
    </test> <!-- Sauce Demo Tests -->
  </suite> <!-- Sauce Demo Tests -->
</testng-results>
