<?xml version="1.0" encoding="UTF-8"?>
<!-- Generated by org.testng.reporters.JUnitXMLReporter -->
<testsuite ignored="0" hostname="DESKTOP-NVKRUUO" failures="0" tests="5" name="Sauce Demo Tests" time="9.799" errors="0" timestamp="2022-05-20T16:39:59 EET">
  <testcase classname="tests.ui.login.LoginTests" name="testLoginAsStandardUserWithValidCredentials" time="0.58"/>
  <testcase classname="tests.ui.cart.CartTests" name="checkTheDataOfTheBackpack" time="0.086"/>
  <testcase classname="tests.ui.cart.CartTests" name="clickAddItemsToCartThenCheckExistenceOfRemoveButton" time="0.271"/>
  <testcase classname="tests.ui.cart.CartTests" name="checkThatTheItemsAddedWillReflectOnTheShoppingCart" time="0.283"/>
  <testcase classname="tests.ui.checkout.CheckoutTests" name="testCheckoutToCompleteTheOrder" time="0.619"/>
</testsuite> <!-- Sauce Demo Tests -->
