<?xml version="1.0" encoding="UTF-8"?>
<!-- Generated by org.testng.reporters.JUnitXMLReporter -->
<testsuite ignored="0" hostname="DESKTOP-NVKRUUO" failures="0" tests="5" name="Sauce Demo Tests" time="10.43" errors="0" timestamp="2022-03-12T15:58:22 EET">
  <testcase classname="tests.ui.login.LoginTests" name="testLoginAsStandardUserWithValidCredentials" time="0.623"/>
  <testcase classname="tests.ui.cart.CartTests" name="checkTheDataOfTheBackpack" time="0.079"/>
  <testcase classname="tests.ui.cart.CartTests" name="clickAddItemsToCartThenCheckExistenceOfRemoveButton" time="0.141"/>
  <testcase classname="tests.ui.cart.CartTests" name="checkThatTheItemsAddedWillReflectOnTheShoppingCart" time="0.372"/>
  <testcase classname="tests.ui.checkout.CheckoutTests" name="testCheckoutToCompleteTheOrder" time="0.596"/>
</testsuite> <!-- Sauce Demo Tests -->
